Note: The APT repositories point towards the destination.

Running check 'Phase 1: Preparation'
=================
APT Repositories:
=================
Repos:
  No active apt repos in: /etc/apt/sources.list 
  Active apt repos in: /etc/apt/sources.list.d/google-chrome.list 
  1: deb [arch=amd64] http://dl.google.com/linux/chrome/deb/ stable main
  Active apt repos in: /etc/apt/sources.list.d/obsproject-obs-studio-focal.list 
  1: deb http://ppa.launchpad.net/obsproject/obs-studio/ubuntu jammy main
  Active apt repos in: /etc/apt/sources.list.d/official-package-repositories.list 
  1: deb http://packages.linuxmint.com vanessa main upstream import backport
  2: deb http://archive.ubuntu.com/ubuntu jammy main restricted universe multiverse
  3: deb http://archive.ubuntu.com/ubuntu jammy-updates main restricted universe multiverse
  4: deb http://archive.ubuntu.com/ubuntu jammy-backports main restricted universe multiverse
  5: deb http://security.ubuntu.com/ubuntu/ jammy-security main restricted universe multiverse
  No active apt repos in: /etc/apt/sources.list.d/otto-kesselgulasch-gimp-focal.list 
  No active apt repos in: /etc/apt/sources.list.d/webupd8team-y-ppa-manager-focal.list 
  Active apt repos in: /etc/apt/sources.list.d/yubico-stable-focal.list 
  1: deb http://ppa.launchpad.net/yubico/stable/ubuntu jammy main
=================

Running check 'Linux Mint version'
Check succeeded:  Linux Mint version

Running check 'Power source'
Check succeeded:  Power source

Running check 'System snapshots'
Check succeeded:  System snapshots

Running check 'Held packages'
Check succeeded:  Held packages

Running check 'Package repositories'
Mint repository last modified on 2023-03-16 08:52:29
Check succeeded:  Package repositories

Running check 'Phase 2: Simulation and download'
=================
APT Repositories:
=================
Repos:
  No active apt repos in: /etc/apt/sources.list 
  Active apt repos in: /etc/apt/sources.list.d/google-chrome.list 
  1: deb [arch=amd64] http://dl.google.com/linux/chrome/deb/ stable main
  Active apt repos in: /etc/apt/sources.list.d/obsproject-obs-studio-focal.list 
  1: deb http://ppa.launchpad.net/obsproject/obs-studio/ubuntu jammy main
  Active apt repos in: /etc/apt/sources.list.d/official-package-repositories.list 
  1: deb http://packages.linuxmint.com vanessa main upstream import backport
  2: deb http://archive.ubuntu.com/ubuntu jammy main restricted universe multiverse
  3: deb http://archive.ubuntu.com/ubuntu jammy-updates main restricted universe multiverse
  4: deb http://archive.ubuntu.com/ubuntu jammy-backports main restricted universe multiverse
  5: deb http://security.ubuntu.com/ubuntu/ jammy-security main restricted universe multiverse
  No active apt repos in: /etc/apt/sources.list.d/otto-kesselgulasch-gimp-focal.list 
  No active apt repos in: /etc/apt/sources.list.d/webupd8team-y-ppa-manager-focal.list 
  Active apt repos in: /etc/apt/sources.list.d/yubico-stable-focal.list 
  1: deb http://ppa.launchpad.net/yubico/stable/ubuntu jammy main
=================

Running check 'Package repositories'
http://ppa.launchpad.net/obsproject/obs-studio/ubuntu already points to jammy
http://ppa.launchpad.net/yubico/stable/ubuntu already points to jammy
http://packages.linuxmint.com already points to vanessa
http://archive.ubuntu.com/ubuntu already points to jammy
http://archive.ubuntu.com/ubuntu already points to jammy-updates
http://archive.ubuntu.com/ubuntu already points to jammy-backports
http://security.ubuntu.com/ubuntu/ already points to jammy-security
Check succeeded:  Package repositories

Running check 'APT cache'
rm -rf /var/lib/apt/lists/*
DEBIAN_PRIORITY=critical apt-get update
Get:1 http://archive.ubuntu.com/ubuntu jammy InRelease [270 kB]
Get:2 http://dl.google.com/linux/chrome/deb stable InRelease [1811 B]
Get:3 http://security.ubuntu.com/ubuntu jammy-security InRelease [110 kB]
Get:4 http://ppa.launchpad.net/obsproject/obs-studio/ubuntu jammy InRelease [18.1 kB]
Ign:5 http://packages.linuxmint.com vanessa InRelease
Get:6 http://packages.linuxmint.com vanessa Release [24.1 kB]
Get:7 http://dl.google.com/linux/chrome/deb stable/main amd64 Packages [1080 B]
Get:8 http://packages.linuxmint.com vanessa Release.gpg [833 B]
Get:9 http://ppa.launchpad.net/yubico/stable/ubuntu jammy InRelease [17.5 kB]
Get:10 http://archive.ubuntu.com/ubuntu jammy-updates InRelease [119 kB]
Get:11 http://packages.linuxmint.com vanessa/main i386 Packages [16.9 kB]
Get:12 http://packages.linuxmint.com vanessa/main amd64 Packages [17.5 kB]
Get:13 http://archive.ubuntu.com/ubuntu jammy-backports InRelease [107 kB]
Get:14 http://packages.linuxmint.com vanessa/upstream amd64 Packages [44.3 kB]
Get:15 http://security.ubuntu.com/ubuntu jammy-security/main amd64 Packages [692 kB]
Get:16 http://archive.ubuntu.com/ubuntu jammy/main i386 Packages [1040 kB]
Get:17 http://ppa.launchpad.net/obsproject/obs-studio/ubuntu jammy/main amd64 Packages [1100 B]
Get:18 http://packages.linuxmint.com vanessa/upstream i386 Packages [12.0 kB]
Get:19 http://packages.linuxmint.com vanessa/import i386 Packages [2989 B]
Get:20 http://packages.linuxmint.com vanessa/import amd64 Packages [6275 B]
Get:21 http://packages.linuxmint.com vanessa/backport i386 Packages [5984 B]
Get:22 http://packages.linuxmint.com vanessa/backport amd64 Packages [31.7 kB]
Get:23 http://archive.ubuntu.com/ubuntu jammy/main amd64 Packages [1395 kB]
Get:24 http://ppa.launchpad.net/obsproject/obs-studio/ubuntu jammy/main Translation-en [160 B]
Get:25 http://security.ubuntu.com/ubuntu jammy-security/main i386 Packages [272 kB]
Get:26 http://ppa.launchpad.net/yubico/stable/ubuntu jammy/main i386 Packages [1316 B]
Get:27 http://archive.ubuntu.com/ubuntu jammy/main Translation-en [510 kB]
Get:28 http://ppa.launchpad.net/yubico/stable/ubuntu jammy/main amd64 Packages [2516 B]
Get:29 http://security.ubuntu.com/ubuntu jammy-security/main Translation-en [142 kB]
Get:30 http://security.ubuntu.com/ubuntu jammy-security/main amd64 DEP-11 Metadata [41.5 kB]
Get:31 http://security.ubuntu.com/ubuntu jammy-security/main amd64 c-n-f Metadata [9016 B]
Get:32 http://security.ubuntu.com/ubuntu jammy-security/restricted amd64 Packages [642 kB]
Get:33 http://archive.ubuntu.com/ubuntu jammy/main amd64 DEP-11 Metadata [423 kB]
Get:34 http://archive.ubuntu.com/ubuntu jammy/main amd64 c-n-f Metadata [30.3 kB]
Get:35 http://archive.ubuntu.com/ubuntu jammy/restricted amd64 Packages [129 kB]
Get:36 http://archive.ubuntu.com/ubuntu jammy/restricted i386 Packages [30.4 kB]
Get:37 http://ppa.launchpad.net/yubico/stable/ubuntu jammy/main Translation-en [1504 B]
Get:38 http://archive.ubuntu.com/ubuntu jammy/restricted Translation-en [18.6 kB]
Get:39 http://security.ubuntu.com/ubuntu jammy-security/restricted i386 Packages [25.6 kB]
Get:40 http://security.ubuntu.com/ubuntu jammy-security/restricted Translation-en [100 kB]
Get:41 http://security.ubuntu.com/ubuntu jammy-security/restricted amd64 c-n-f Metadata [556 B]
Get:42 http://security.ubuntu.com/ubuntu jammy-security/universe amd64 Packages [713 kB]
Get:43 http://archive.ubuntu.com/ubuntu jammy/restricted amd64 c-n-f Metadata [488 B]
Get:44 http://archive.ubuntu.com/ubuntu jammy/universe i386 Packages [7474 kB]
Get:45 http://security.ubuntu.com/ubuntu jammy-security/universe i386 Packages [518 kB]
Get:46 http://security.ubuntu.com/ubuntu jammy-security/universe Translation-en [118 kB]
Get:47 http://archive.ubuntu.com/ubuntu jammy/universe amd64 Packages [14.1 MB]
Get:48 http://security.ubuntu.com/ubuntu jammy-security/universe amd64 DEP-11 Metadata [18.5 kB]
Get:49 http://security.ubuntu.com/ubuntu jammy-security/universe amd64 c-n-f Metadata [14.1 kB]
Get:50 http://security.ubuntu.com/ubuntu jammy-security/multiverse i386 Packages [1028 B]
Get:51 http://security.ubuntu.com/ubuntu jammy-security/multiverse amd64 Packages [19.4 kB]
Get:52 http://security.ubuntu.com/ubuntu jammy-security/multiverse Translation-en [4068 B]
Get:53 http://security.ubuntu.com/ubuntu jammy-security/multiverse amd64 c-n-f Metadata [240 B]
Get:54 http://archive.ubuntu.com/ubuntu jammy/universe Translation-en [5652 kB]
Get:55 http://archive.ubuntu.com/ubuntu jammy/universe amd64 DEP-11 Metadata [3559 kB]
Get:56 http://archive.ubuntu.com/ubuntu jammy/universe amd64 c-n-f Metadata [286 kB]
Get:57 http://archive.ubuntu.com/ubuntu jammy/multiverse i386 Packages [112 kB]
Get:58 http://archive.ubuntu.com/ubuntu jammy/multiverse amd64 Packages [217 kB]
Get:59 http://archive.ubuntu.com/ubuntu jammy/multiverse Translation-en [112 kB]
Get:60 http://archive.ubuntu.com/ubuntu jammy/multiverse amd64 DEP-11 Metadata [42.1 kB]
Get:61 http://archive.ubuntu.com/ubuntu jammy/multiverse amd64 c-n-f Metadata [8372 B]
Get:62 http://archive.ubuntu.com/ubuntu jammy-updates/main i386 Packages [459 kB]
Get:63 http://archive.ubuntu.com/ubuntu jammy-updates/main amd64 Packages [949 kB]
Get:64 http://archive.ubuntu.com/ubuntu jammy-updates/main Translation-en [205 kB]
Get:65 http://archive.ubuntu.com/ubuntu jammy-updates/main amd64 DEP-11 Metadata [101 kB]
Get:66 http://archive.ubuntu.com/ubuntu jammy-updates/main amd64 c-n-f Metadata [13.8 kB]
Get:67 http://archive.ubuntu.com/ubuntu jammy-updates/restricted i386 Packages [27.2 kB]
Get:68 http://archive.ubuntu.com/ubuntu jammy-updates/restricted amd64 Packages [684 kB]
Get:69 http://archive.ubuntu.com/ubuntu jammy-updates/restricted Translation-en [107 kB]
Get:70 http://archive.ubuntu.com/ubuntu jammy-updates/restricted amd64 c-n-f Metadata [584 B]
Get:71 http://archive.ubuntu.com/ubuntu jammy-updates/universe amd64 Packages [893 kB]
Get:72 http://archive.ubuntu.com/ubuntu jammy-updates/universe i386 Packages [605 kB]
Get:73 http://archive.ubuntu.com/ubuntu jammy-updates/universe Translation-en [179 kB]
Get:74 http://archive.ubuntu.com/ubuntu jammy-updates/universe amd64 DEP-11 Metadata [269 kB]
Get:75 http://archive.ubuntu.com/ubuntu jammy-updates/universe amd64 c-n-f Metadata [18.4 kB]
Get:76 http://archive.ubuntu.com/ubuntu jammy-updates/multiverse i386 Packages [3500 B]
Get:77 http://archive.ubuntu.com/ubuntu jammy-updates/multiverse amd64 Packages [24.1 kB]
Get:78 http://archive.ubuntu.com/ubuntu jammy-updates/multiverse Translation-en [6312 B]
Get:79 http://archive.ubuntu.com/ubuntu jammy-updates/multiverse amd64 DEP-11 Metadata [940 B]
Get:80 http://archive.ubuntu.com/ubuntu jammy-updates/multiverse amd64 c-n-f Metadata [444 B]
Get:81 http://archive.ubuntu.com/ubuntu jammy-backports/main i386 Packages [33.7 kB]
Get:82 http://archive.ubuntu.com/ubuntu jammy-backports/main amd64 Packages [40.7 kB]
Get:83 http://archive.ubuntu.com/ubuntu jammy-backports/main Translation-en [9800 B]
Get:84 http://archive.ubuntu.com/ubuntu jammy-backports/main amd64 DEP-11 Metadata [7968 B]
Get:85 http://archive.ubuntu.com/ubuntu jammy-backports/main amd64 c-n-f Metadata [392 B]
Get:86 http://archive.ubuntu.com/ubuntu jammy-backports/restricted amd64 c-n-f Metadata [116 B]
Get:87 http://archive.ubuntu.com/ubuntu jammy-backports/universe amd64 Packages [19.5 kB]
Get:88 http://archive.ubuntu.com/ubuntu jammy-backports/universe i386 Packages [10.7 kB]
Get:89 http://archive.ubuntu.com/ubuntu jammy-backports/universe Translation-en [14.0 kB]
Get:90 http://archive.ubuntu.com/ubuntu jammy-backports/universe amd64 DEP-11 Metadata [12.4 kB]
Get:91 http://archive.ubuntu.com/ubuntu jammy-backports/universe amd64 c-n-f Metadata [392 B]
Get:92 http://archive.ubuntu.com/ubuntu jammy-backports/multiverse amd64 c-n-f Metadata [116 B]
Fetched 44.0 MB in 38s (1150 kB/s)
Reading package lists...
Check succeeded:  APT cache

Running check 'Upgrade simulation'

Running check 'Package download'
DEBIAN_FRONTEND=noninteractive DEBIAN_PRIORITY=critical apt-get dist-upgrade --download-only --yes
Reading package lists...
Building dependency tree...
Reading state information...
Calculating upgrade...
The following packages were automatically installed and are no longer required:
  dvd+rw-tools libbasicusageenvironment1 libboost-regex1.71.0 libclang-10-dev
  libdirectfb-1.7-7 libebml4v5 libfluidsynth2 libgroupsock8 libgwengui-gtk3-0
  liblivemedia77 libluajit-5.1-2 libluajit-5.1-common libmatroska6v5
  libmbedcrypto3 libmbedtls12 libmbedx509-0 libmms0 libobs0 libofa0
  libplacebo7 libqt5script5 libre2-5 libsrt1 libusageenvironment3 libusrsctp1
  mint-backgrounds-una obs-plugins
Use 'sudo apt autoremove' to remove them.
The following packages will be REMOVED:
  exfat-utils fuse gvfs-bin libappindicator3-1 libavresample4 libgc1c2 libgcc1
  libgtk2-perl libmetacity1 libsemanage1 libtss2-esys0 libwacom2 obs-studio
  python-gi python3-crypto
The following NEW packages will be installed:
  adwaita-qt bsdextrautils caca-utils clang-14 cpp-11 cpp-12 debugedit
  exfatprogs firmware-sof-signed fonts-hack fonts-league-spartan
  fonts-teluguvijayam fuse3 g++-11 gamemode-daemon gcc-11 gcc-11-base gcc-12
  gcc-12-base gcc-12-base:i386 gir1.2-ayatanaappindicator3-0.1
  gir1.2-gdata-0.0 gir1.2-graphene-1.0 gir1.2-gsound-1.0 gir1.2-handy-1
  gir1.2-harfbuzz-0.0 gir1.2-xviewer-3.0 gnome-bluetooth-common graphviz
  guile-3.0-libs hexchat-lua html2text ibus-gtk4 icu-devtools imagemagick
  imagemagick-6-common imagemagick-6.q16 ipp-usb jp2a libabsl20210324
  libadwaitaqt1 libadwaitaqtpriv1 libaliased-perl libann0 libaom3 libasan6
  libasan8 libayatana-appindicator3-1 libayatana-ido3-0.4-0
  libayatana-indicator3-7 libbit-vector-perl libboost-filesystem1.74.0
  libboost-iostreams1.74.0 libboost-locale1.74.0
  libboost-program-options1.74.0 libboost-regex1.74.0 libboost-thread1.74.0
  libbpf0 libbrlapi0.8 libc-devtools libc6:i386 libcairo-script-interpreter2
  libcamel-1.2-63 libcap2:i386 libcarp-clan-perl libcbor0.8 libcdio19 libcdt5
  libcgraph6 libclang-14-dev libclang-common-14-dev libclang-cpp14
  libclang1-14 libcmark-gfm-extensions0.29.0.gfm.3 libcmark-gfm0.29.0.gfm.3
  libcodec2-1.0 libcom-err2:i386 libconfig-tiny-perl libconst-fast-perl
  libcrypt-rc4-perl libcrypt1:i386 libdata-dpath-perl libdata-messagepack-perl
  libdata-validate-domain-perl libdata-validate-ip-perl
  libdata-validate-uri-perl libdate-calc-perl libdate-calc-xs-perl libdav1d5
  libdazzle-common libdbus-1-3:i386 libdc1394-25 libdebuginfod-common
  libdebuginfod1 libdecor-0-0 libdecor-0-plugin-1-cairo libdeflate0
  libdigest-perl-md5-perl libdns-export1110 libdvdread8 libebml5
  libedataserver-1.2-26 libedataserverui-1.2-3 libemail-address-xs-perl
  libfcgi-bin libfcgi0ldbl libffi8 libfluidsynth3 libfreeaptx0 libfuse3-3
  libgamemode0:i386 libgamemodeauto0:i386 libgc1 libgcc-11-dev libgcc-12-dev
  libgcc-s1:i386 libgcrypt20:i386 libgdk-pixbuf-2.0-0 libgdk-pixbuf-xlib-2.0-0
  libgl1-amber-dri libgpg-error-l10n libgpg-error0:i386 libgsound0
  libgssapi-krb5-2:i386 libgtk-4-1 libgtk-4-bin libgtk-4-common libgts-0.7-5
  libgts-bin libgupnp-1.2-1 libgvc6 libgvpr2 libgwengui-gtk3-79 libhandy-1-0
  libhogweed6 libhtml-html5-entities-perl libhtml-selector-xpath-perl
  libhtml-tokeparser-simple-perl libhtml-treebuilder-libxml-perl
  libhtml-treebuilder-xpath-perl libicu-dev libicu70 libidn12 libidn2-0:i386
  libigdgmm12 libilmbase25 libinih1 libio-interactive-perl
  libio-prompt-tiny-perl libio-stringy-perl libipt2 libisl23 libiterator-perl
  libiterator-util-perl libjcode-pm-perl libjson-c5 libjxr-tools libjxr0
  libk5crypto3:i386 libkeyutils1:i386 libkrb5-3:i386 libkrb5support0:i386
  liblab-gamut1 libldacbt-enc2 libldap-2.5-0 liblibreoffice-java
  liblist-moreutils-xs-perl libllvm14 libllvm15 liblqr-1-0 liblua5.3-0
  liblz4-1:i386 liblzma5:i386 libmagickcore-6.q16-6
  libmagickcore-6.q16-6-extra libmagickwand-6.q16-6 libmalcontent-0-0
  libmanette-0.2-0 libmarkdown2 libmath-base85-perl libmatroska7 libmd0
  libmd4c0 libmetacity3 libmetrics-any-perl libmfx1 libmouse-perl libmousepad0
  libmpdec3 libmujs1 libnet-ipv6addr-perl libnet-netmask-perl
  libnetaddr-ip-perl libnetpbm10 libnettle8 libnma-common libnsl-dev libnsl2
  libnsl2:i386 libnss-nis libnss-nis:i386 libnss-nisplus libnss-nisplus:i386
  libntfs-3g89 libobjc-11-dev libole-storage-lite-perl libopenexr25
  libopenh264-6 libopenni2-0 liborcus-0.17-0 liborcus-parser-0.17-0
  libpathplan4 libperl5.34 libpgm-5.3-0 libphonenumber8 libphonon4qt5-4
  libphonon4qt5-data libpipewire-0.3-0 libpipewire-0.3-common
  libpipewire-0.3-modules libplacebo192 libpocketsphinx3 libpoppler118
  libproc-processtable-perl libprotobuf-lite23 libprotobuf23 libpython3.10
  libpython3.10-minimal libpython3.10-stdlib libqpdf28 libqrencode4
  libqt5qmlmodels5 libqtermwidget5-0 librabbitmq4 libraqm0 libraw20 libre2-9
  libreoffice-style-yaru libruby3.0 libsane1 libscalar-list-utils-perl
  libsemanage2 libsepol2 libsixel-bin libsixel1 libsnmp40 libsocket6-perl
  libsort-versions-perl libsoup2.4-common libsource-highlight-common
  libsource-highlight4v5 libspa-0.2-modules libsphinxbase3
  libspreadsheet-parseexcel-perl libspreadsheet-writeexcel-perl
  libspreadsheet-xlsx-perl libsrt1.4-gnutls libssl3 libssl3:i386
  libstdc++-11-dev libstring-crc32-perl libsyntax-keyword-try-perl
  libsystemd0:i386 libterm-readkey-perl libtest-metrics-any-perl
  libtext-levenshteinxs-perl libtext-markdown-discount-perl libtext-trim-perl
  libtext-xslate-perl libtime-duration-perl libtime-moment-perl
  libtirpc-common libtirpc-dev libtirpc3 libtirpc3:i386
  libtracker-sparql-3.0-0 libtsan2 libtspi1 libtss2-esys-3.0.2-0 libtss2-mu0
  libtss2-sys1 libtss2-tcti-cmd0 libtss2-tcti-device0 libtss2-tcti-mssim0
  libtss2-tcti-swtpm0 libudfread0 libunicode-map-perl libunistring2:i386
  libuniversal-require-perl liburing2 libutf8proc2 libvncclient1 libvpx7
  libwacom9 libweb-scraper-perl libwebp7 libwmf-0.2-7 libwmf-0.2-7-gtk
  libwmflite-0.2-7 libx264-163 libx265-199 libxcb-composite0 libxcvt0 libxdo3
  libxkbregistry0 libxml2-dev libxpresent1 libxs-parse-keyword-perl libxxhash0
  libyaml-perl libzimg2 libzip4 libzstd1:i386 libzxingcore1
  linux-headers-5.15.0-67 linux-headers-5.15.0-67-generic
  linux-image-5.15.0-67-generic linux-modules-5.15.0-67-generic
  linux-modules-extra-5.15.0-67-generic llvm-14 llvm-14-dev
  llvm-14-linker-tools llvm-14-runtime llvm-14-tools lto-disabled-list lzip
  lzop mailcap media-types mesa-utils-bin mint-backgrounds-vanessa ncal netpbm
  perl-modules-5.34 phonon4qt5 phonon4qt5-backend-vlc pipewire pipewire-bin
  pipewire-media-session pkexec plocate plymouth-theme-spinner
  pocketsphinx-en-us polkitd python3-filelock python3-importlib-metadata
  python3-jeepney python3-more-itertools python3-pycryptodome python3-zipp
  python3.10 python3.10-minimal qtermwidget5-data rpcsvc-proto ruby-rubygems
  ruby3.0 sane-airscan systemd-hwe-hwdb tnftp toilet toilet-fonts ure-java
  vlc-plugin-access-extra w3m w3m-img webp-pixbuf-loader xcvt zstd
The following packages will be upgraded:
  accountsservice acl acpi acpi-support acpid adduser adwaita-icon-theme
  adwaita-icon-theme-full alsa-base alsa-topology-conf alsa-ucm-conf
  alsa-utils amd64-microcode anacron apg apparmor appstream apt apt-clone
  apt-utils aptdaemon aptdaemon-data aptitude aptitude-common aspell
  at-spi2-core attr audacity audacity-data autoconf automake autopoint
  autotools-dev avahi-autoipd avahi-daemon avahi-utils baobab base-files
  base-passwd bash bash-completion bc biber bind9-dnsutils bind9-host
  bind9-libs binfmt-support binutils binutils-common binutils-x86-64-linux-gnu
  bison bluetooth bluez bluez-cups bluez-obexd bluez-tools bolt brasero
  brasero-cdrkit brasero-common brltty bsdmainutils bsdutils btrfs-progs
  bubblewrap build-essential bulky busybox-initramfs busybox-static bzip2
  bzip2-doc ca-certificates ca-certificates-java caribou casper catdoc cdrdao
  celluloid chromium-codecs-ffmpeg-extra cifs-utils cinnamon cinnamon-common
  cinnamon-control-center cinnamon-control-center-data
  cinnamon-control-center-dbg cinnamon-dbg cinnamon-desktop-data cinnamon-l10n
  cinnamon-screensaver cinnamon-session cinnamon-session-common
  cinnamon-settings-daemon cjs clang colord colord-data command-not-found
  console-setup console-setup-linux coreutils cpio cpp cpp-9 cracklib-runtime
  cron crudini cryptsetup cryptsetup-bin cryptsetup-initramfs cryptsetup-run
  cups cups-browsed cups-bsd cups-client cups-common cups-core-drivers
  cups-daemon cups-filters cups-filters-core-drivers cups-ipp-utils
  cups-pk-helper cups-ppdc cups-server-common curl dash dbus dbus-user-session
  dbus-x11 dc dconf-cli dconf-gsettings-backend dconf-service dcraw
  dctrl-tools debconf debconf-i18n debhelper debianutils default-jre
  default-jre-headless desktop-file-utils dh-autoreconf
  dh-strip-nondeterminism dialog dictionaries-common diffstat diffutils
  dirmngr distro-info distro-info-data dkms dmeventd dmidecode dmraid dmsetup
  dns-root-data dnsmasq-base dnsutils doc-base docbook-xml dosfstools dpkg
  dpkg-dev dpkg-repack drawing dvdauthor dvisvgm dwz e2fsprogs ecryptfs-utils
  ed efibootmgr eject enchant-2 espeak-ng-data ethtool evolution-data-server
  evolution-data-server-common exfat-fuse exif fakeroot fdisk ffmpeg
  ffmpegthumbnailer file file-roller finalrd findutils firefox
  firefox-locale-en flatpak flex folder-color-switcher fontconfig
  fontconfig-config fonts-beng fonts-beng-extra fonts-crosextra-caladea
  fonts-crosextra-carlito fonts-dejavu fonts-dejavu-core fonts-dejavu-extra
  fonts-deva fonts-droid-fallback fonts-freefont-ttf fonts-gargi fonts-gubbi
  fonts-gujr fonts-guru fonts-indic fonts-inter fonts-kacst fonts-kalapi
  fonts-khmeros-core fonts-knda fonts-lao fonts-lato fonts-liberation2
  fonts-linuxlibertine fonts-lklug-sinhala fonts-lmodern
  fonts-lohit-beng-assamese fonts-lohit-beng-bengali fonts-lohit-guru
  fonts-lohit-knda fonts-lohit-mlym fonts-lohit-orya fonts-lohit-taml
  fonts-lohit-taml-classical fonts-lohit-telu fonts-mathjax fonts-mlym
  fonts-nakula fonts-navilu fonts-noto-cjk fonts-noto-color-emoji
  fonts-noto-core fonts-noto-extra fonts-noto-mono fonts-noto-ui-core
  fonts-opensymbol fonts-orya fonts-pagul fonts-sahadeva fonts-samyak-deva
  fonts-samyak-gujr fonts-samyak-mlym fonts-samyak-taml fonts-sarai
  fonts-sil-abyssinica fonts-sil-gentium fonts-sil-gentium-basic
  fonts-sil-padauk fonts-smc fonts-smc-anjalioldlipi fonts-smc-chilanka
  fonts-smc-dyuthi fonts-smc-gayathri fonts-smc-karumbi fonts-smc-keraleeyam
  fonts-smc-manjari fonts-smc-rachana fonts-taml fonts-telu fonts-telu-extra
  fonts-texgyre fonts-thai-tlwg fonts-tibetan-machine fonts-tlwg-garuda
  fonts-tlwg-garuda-ttf fonts-tlwg-kinnari fonts-tlwg-kinnari-ttf
  fonts-tlwg-laksaman fonts-tlwg-laksaman-ttf fonts-tlwg-loma
  fonts-tlwg-loma-ttf fonts-tlwg-mono fonts-tlwg-mono-ttf fonts-tlwg-norasi
  fonts-tlwg-norasi-ttf fonts-tlwg-purisa fonts-tlwg-purisa-ttf
  fonts-tlwg-sawasdee fonts-tlwg-sawasdee-ttf fonts-tlwg-typewriter
  fonts-tlwg-typewriter-ttf fonts-tlwg-typist fonts-tlwg-typist-ttf
  fonts-tlwg-typo fonts-tlwg-typo-ttf fonts-tlwg-umpush fonts-tlwg-umpush-ttf
  fonts-tlwg-waree fonts-tlwg-waree-ttf fonts-ubuntu fonts-urw-base35
  fonts-yrsa-rasa foomatic-db-compressed-ppds fprintd friendly-recovery ftp
  fwupd fwupd-signed g++ g++-9 gamemode gawk gcc gcc-10-base gcc-9 gcc-9-base
  gcr gdb gdbserver gdisk genisoimage geoclue-2.0 geoip-database gettext
  gettext-base ghostscript ghostscript-x gimp gimp-data gimp-help-common
  gimp-help-en gir1.2-accountsservice-1.0 gir1.2-appindicator3-0.1
  gir1.2-appstream-1.0 gir1.2-appstreamglib-1.0 gir1.2-atk-1.0
  gir1.2-atspi-2.0 gir1.2-camel-1.2 gir1.2-caribou-1.0
  gir1.2-cinnamondesktop-3.0 gir1.2-clutter-1.0 gir1.2-clutter-gst-3.0
  gir1.2-cmenu-3.0 gir1.2-cogl-1.0 gir1.2-coglpango-1.0 gir1.2-cvc-1.0
  gir1.2-dbusmenu-glib-0.4 gir1.2-dee-1.0 gir1.2-ecal-2.0
  gir1.2-edataserver-1.2 gir1.2-flatpak-1.0 gir1.2-freedesktop
  gir1.2-gdesktopenums-3.0 gir1.2-gdkpixbuf-2.0 gir1.2-gkbd-3.0
  gir1.2-glib-2.0 gir1.2-gnomedesktop-3.0 gir1.2-goa-1.0 gir1.2-gspell-1
  gir1.2-gst-plugins-base-1.0 gir1.2-gstreamer-1.0 gir1.2-gtk-3.0
  gir1.2-gtkclutter-1.0 gir1.2-gtksource-3.0 gir1.2-gtksource-4
  gir1.2-gtop-2.0 gir1.2-gudev-1.0 gir1.2-ibus-1.0 gir1.2-ical-3.0
  gir1.2-javascriptcoregtk-4.0 gir1.2-json-1.0 gir1.2-keybinder-3.0
  gir1.2-matedesktop-2.0 gir1.2-matemenu-2.0 gir1.2-matepanelapplet-4.0
  gir1.2-meta-muffin-0.0 gir1.2-nemo-3.0 gir1.2-nm-1.0 gir1.2-nma-1.0
  gir1.2-notify-0.7 gir1.2-packagekitglib-1.0 gir1.2-pango-1.0 gir1.2-peas-1.0
  gir1.2-polkit-1.0 gir1.2-rb-3.0 gir1.2-secret-1 gir1.2-soup-2.4
  gir1.2-timezonemap-1.0 gir1.2-udisks-2.0 gir1.2-upowerglib-1.0
  gir1.2-vte-2.91 gir1.2-webkit2-4.0 gir1.2-wnck-3.0 gir1.2-xapp-1.0
  gir1.2-xkl-1.0 gir1.2-xreader gkbd-capplet glib-networking
  glib-networking-common glib-networking-services gnome-accessibility-themes
  gnome-bluetooth gnome-calculator gnome-calendar gnome-desktop3-data
  gnome-disk-utility gnome-font-viewer gnome-icon-theme gnome-keyring
  gnome-keyring-pkcs11 gnome-logs gnome-menus gnome-online-accounts gnome-orca
  gnome-power-manager gnome-screenshot gnome-session-bin
  gnome-session-canberra gnome-settings-daemon gnome-settings-daemon-common
  gnome-system-monitor gnome-terminal gnome-terminal-data gnome-themes-extra
  gnome-themes-extra-data gnome-themes-standard gnucash gnucash-common
  gnucash-docs gnupg gnupg-l10n gnupg-utils gparted gparted-common gpg
  gpg-agent gpg-wks-client gpg-wks-server gpgconf gpgsm gpgv grep groff-base
  grub-common grub-efi-amd64-signed grub-pc grub-pc-bin grub2-common
  gsettings-desktop-schemas gsfonts gstreamer1.0-alsa gstreamer1.0-clutter-3.0
  gstreamer1.0-gl gstreamer1.0-libav gstreamer1.0-packagekit
  gstreamer1.0-plugins-bad gstreamer1.0-plugins-base
  gstreamer1.0-plugins-base-apps gstreamer1.0-plugins-good
  gstreamer1.0-plugins-ugly gstreamer1.0-pulseaudio gstreamer1.0-tools
  gstreamer1.0-vaapi gstreamer1.0-x gtk-update-icon-cache gtk2-engines
  gtk2-engines-murrine gtk2-engines-pixbuf gucharmap gufw guile-2.2
  guile-2.2-libs gvfs gvfs-backends gvfs-common gvfs-daemons gvfs-fuse
  gvfs-libs gzip hdparm hexchat hexchat-common hfsprogs hostname hplip
  hplip-data humanity-icon-theme hunspell-de-at-frami hunspell-de-ch-frami
  hunspell-de-de-frami hunspell-en-au hunspell-en-ca hunspell-en-gb
  hunspell-en-us hunspell-en-za hunspell-es hunspell-fr hunspell-fr-classical
  hunspell-it hunspell-pt-br hunspell-pt-pt hunspell-ru hwdata hyphen-de
  hyphen-en-gb hyphen-en-us hyphen-fr hyphen-id hyphen-it hyphen-pt-br
  hyphen-pt-pt hypnotix i965-va-driver ibus ibus-data ibus-gtk ibus-gtk3 id3
  ideviceinstaller ieee-data ifupdown iio-sensor-proxy im-config info init
  init-system-helpers initramfs-tools initramfs-tools-bin initramfs-tools-core
  inputattach install-info intel-media-va-driver intel-microcode inxi iproute2
  iptables iputils-arping iputils-ping iputils-tracepath irqbalance
  isc-dhcp-client isc-dhcp-common iso-codes iucode-tool iw java-common
  javascript-common jfsutils kbd kerneloops keyboard-configuration keyutils
  klibc-utils kmod kpartx kpartx-boot krb5-locales lame language-pack-en
  language-pack-en-base language-pack-gnome-en language-pack-gnome-en-base
  latexila latexila-data latexmk less lib32gcc-s1 lib32stdc++6 libaa1
  libabw-0.1-1 libaccountsservice0 libacl1 libaio1 libalgorithm-c3-perl
  libamd2 libao-common libao4 libapparmor1 libappstream-glib8 libappstream4
  libapt-pkg-perl libapt-pkg6.0 libaqbanking-data libaqbanking44
  libarchive-cpio-perl libarchive-zip-perl libarchive13 libargon2-1 libasan5
  libasn1-8-heimdal libasound2 libasound2-data libasound2-plugins libaspell15
  libass9 libassuan0 libasyncns0 libatasmart4 libatk-adaptor
  libatk-bridge2.0-0 libatk1.0-0 libatk1.0-data libatkmm-1.6-1v5 libatm1
  libatomic1 libatopology2 libatspi2.0-0 libattr1 libaudio2 libaudit-common
  libaudit1 libauthen-sasl-perl libautovivification-perl libavahi-client3
  libavahi-common-data libavahi-common3 libavahi-core7 libavahi-glib1
  libavc1394-0 libavcodec-extra libavcodec-extra58 libavdevice58 libavfilter7
  libavformat58 libavutil56 libb-hooks-endofscope-perl
  libb-hooks-op-check-perl libbabeltrace1 libbabl-0.1-0 libbinutils libblas3
  libblkid1 libblockdev-crypto2 libblockdev-fs2 libblockdev-loop2
  libblockdev-part-err2 libblockdev-part2 libblockdev-swap2 libblockdev-utils2
  libblockdev2 libbluetooth3 libbluray2 libbrasero-media3-1 libbrotli1 libbsd0
  libbtparse2 libburn4 libbusiness-isbn-data-perl libbusiness-isbn-perl
  libbusiness-ismn-perl libbusiness-issn-perl libbz2-1.0 libc-ares2 libc-bin
  libc-dev-bin libc6 libc6-dbg libc6-dev libc6-i386 libcaca0
  libcairo-gobject-perl libcairo-gobject2 libcairo-perl libcairo2
  libcairomm-1.0-1v5 libcamd2 libcanberra-gtk3-0 libcanberra-gtk3-module
  libcanberra-pulse libcanberra0 libcap-ng0 libcap2 libcap2-bin
  libcaribou-common libcaribou0 libcc1-0 libccolamd2 libcddb2 libcdio-cdda2
  libcdio-paranoia2 libcdparanoia0 libcdr-0.1-1 libcgi-pm-perl
  libchamplain-0.12-0 libchamplain-gtk-0.12-0 libcholmod3 libchromaprint1
  libcinnamon-control-center1 libcinnamon-desktop-dbg libcinnamon-desktop4
  libcinnamon-menu-3-0 libcinnamon-menu-3-0-dbg libcjs-dbg libcjs0f
  libclang-dev libclass-c3-perl libclass-c3-xs-perl libclass-singleton-perl
  libclass-xsaccessor-perl libclone-perl libclucene-contribs1v5
  libclucene-core1v5 libclutter-1.0-0 libclutter-1.0-common
  libclutter-gst-3.0-0 libclutter-gtk-1.0-0 libcmis-0.5-5v5 libcogl-common
  libcogl-pango20 libcogl-path20 libcogl20 libcolamd2 libcolord2 libcolorhug2
  libcom-err2 libcommon-sense-perl libcpanel-json-xs-perl libcrack2
  libcrypt-dev libcrypt-random-seed-perl libcrypt-ssleay-perl libcrypt1
  libcryptsetup12 libcscreensaver0 libctf-nobfd0 libctf0 libcups2
  libcupsfilters1 libcupsimage2 libcurl3-gnutls libcurl4 libcvc-dbg libcvc0
  libdaemon0 libdata-dump-perl libdata-optlist-perl libdata-uniqid-perl
  libdate-manip-perl libdate-simple-perl libdatetime-calendar-julian-perl
  libdatetime-format-builder-perl libdatetime-format-strptime-perl
  libdatetime-locale-perl libdatetime-perl libdatetime-timezone-perl
  libdatrie1 libdazzle-1.0-0 libdb5.3 libdbi1 libdbus-1-3 libdbus-glib-1-2
  libdbusmenu-glib4 libdbusmenu-gtk3-4 libdca0 libdconf1 libde265-0
  libdebconfclient0 libdebhelper-perl libdebian-installer4 libdee-1.0-4
  libdevel-callchecker-perl libdevel-caller-perl
  libdevel-globaldestruction-perl libdevel-lexalias-perl libdevel-size-perl
  libdevmapper-event1.02.1 libdevmapper1.02.1 libdigest-hmac-perl
  libdist-checkconflicts-perl libdjvulibre-text libdjvulibre21
  libdmapsharing-3.0-2 libdmraid1.0.0.rc16 libdotconf0 libdouble-conversion3
  libdpkg-perl libdrm-amdgpu1 libdrm-common libdrm-intel1 libdrm-nouveau2
  libdrm-radeon1 libdrm2 libdv4 libdvd-pkg libdvdnav4 libdw1
  libdynaloader-functions-perl libe-book-0.1-1 libebackend-1.2-10
  libebook-1.2-20 libebook-contacts-1.2-3 libecal-2.0-1 libecryptfs1
  libedata-book-1.2-26 libedata-cal-2.0-1 libedit2 libefiboot1 libefivar1
  libegl-mesa0 libegl1 libegl1-mesa libel-api-java libelf1
  libemail-date-format-perl libenchant-2-2 libencode-eucjpms-perl
  libencode-hanextra-perl libencode-jis2k-perl libencode-locale-perl
  libencode-perl libeot0 libepoxy0 libept1.6.0 libepubgen-0.1-1 libespeak-ng1
  libestr0 libetonyek-0.1-1 libevdev2 libevent-2.1-7 libexception-class-perl
  libexempi8 libexif12 libexiv2-27 libexpat1 libexporter-tiny-perl libext2fs2
  libexttextcat-2.0-0 libexttextcat-data libextutils-depends-perl
  libextutils-pkgconfig-perl libfaad2 libfakeroot libfastjson4 libfcgi-perl
  libfdisk1 libffi-dev libffi7 libffmpegthumbnailer4v5 libfftw3-double3
  libfftw3-single3 libfido2-1 libfile-basedir-perl libfile-desktopentry-perl
  libfile-fcntllock-perl libfile-listing-perl libfile-mimeinfo-perl
  libfile-sharedir-perl libfile-slurper-perl libfile-stripnondeterminism-perl
  libfinance-quote-perl libflac++6v5 libflac8 libflatpak0 libflite1
  libfont-afm-perl libfont-ttf-perl libfontconfig1 libfontembed1 libfontenc1
  libfprint-2-2 libfprint-2-tod1 libfreehand-0.1-1 libfreetype6 libfribidi0
  libfuse2 libfuture-perl libfwupd2 libfwupdplugin5 libgail-3-0 libgail-common
  libgail18 libgamemode0 libgamemodeauto0 libgbm1 libgcab-1.0-0 libgcc-9-dev
  libgcc-s1 libgck-1-0 libgcr-base-3-1 libgcr-ui-3-1 libgcrypt20 libgd3
  libgdata-common libgdata22 libgdbm-compat4 libgdbm6 libgdk-pixbuf2.0-0
  libgdk-pixbuf2.0-bin libgdk-pixbuf2.0-common libgee-0.8-2 libgegl-0.4-0
  libgegl-common libgeoclue-2-0 libgeocode-glib0 libgexiv2-2 libgfortran5
  libgif7 libgimp2.0 libgirepository-1.0-1 libgl1 libgl1-mesa-dri
  libgl1-mesa-glx libglapi-mesa libgles2 libglib-object-introspection-perl
  libglib-perl libglib2.0-0 libglib2.0-bin libglib2.0-data libglibmm-2.4-1v5
  libglu1-mesa libglvnd0 libglx-mesa0 libglx0 libgme0 libgmp10
  libgnome-bluetooth13 libgnome-desktop-3-19 libgnomekbd-common libgnomekbd8
  libgnutls30 libgoa-1.0-0b libgoa-1.0-common libgoa-backend-1.0-1 libgomp1
  libgpg-error0 libgpgme11 libgpgmepp6 libgphoto2-6 libgphoto2-l10n
  libgphoto2-port12 libgpm2 libgpod-common libgpod4 libgraphene-1.0-0
  libgraphite2-3 libgrilo-0.3-0 libgs9 libgs9-common libgsf-1-114
  libgsf-1-common libgsf-bin libgsm1 libgspell-1-2 libgspell-1-common
  libgssapi-krb5-2 libgssapi3-heimdal libgssdp-1.2-0 libgstreamer-gl1.0-0
  libgstreamer-plugins-bad1.0-0 libgstreamer-plugins-base1.0-0
  libgstreamer-plugins-good1.0-0 libgstreamer1.0-0 libgtk-3-0 libgtk-3-bin
  libgtk-3-common libgtk-layer-shell0 libgtk2.0-0 libgtk2.0-bin
  libgtk2.0-common libgtk3-perl libgtkmm-2.4-1v5 libgtkmm-3.0-1v5
  libgtksourceview-3.0-1 libgtksourceview-3.0-common libgtksourceview-4-0
  libgtksourceview-4-common libgtop-2.0-11 libgtop2-common libgucharmap-2-90-7
  libgudev-1.0-0 libgupnp-igd-1.0-4 libgusb2 libgutenprint-common
  libgutenprint9 libgweather-3-16 libgweather-common libgwenhywfar-data
  libgwenhywfar79 libgxps2 libhandy-0.0-0 libharfbuzz-icu0 libharfbuzz0b
  libhcrypto4-heimdal libheif1 libheimbase1-heimdal libheimntlm0-heimdal
  libhpmud0 libhsqldb1.8.0-java libhtml-format-perl libhtml-parser-perl
  libhtml-tableextract-perl libhttp-cookies-perl libhttp-daemon-perl
  libhttp-message-perl libhunspell-1.7-0 libhx509-5-heimdal libhyphen0
  libibus-1.0-5 libical3 libice6 libidn2-0 libiec61883-0 libieee1284-3
  libijs-0.35 libimagequant0 libimlib2 libimobiledevice-utils
  libimobiledevice6 libinput-bin libinput10 libinstpatch-1.0-2
  libio-async-loop-epoll-perl libio-async-perl libio-html-perl libio-pty-perl
  libio-socket-ssl-perl libio-string-perl libip4tc2 libip6tc2 libipc-run-perl
  libipc-shareable-perl libipc-system-simple-perl libisc-export1105 libisofs6
  libitm1 libiw30 libjack-jackd2-0 libjansson4 libjavascriptcoregtk-4.0-18
  libjbig0 libjbig2dec0 libjcat1 libjpeg-turbo8 libjpeg8 libjs-highlight.js
  libjs-jquery libjs-mathjax libjs-modernizr libjs-requirejs
  libjson-glib-1.0-0 libjson-glib-1.0-common libjson-maybexs-perl
  libjson-parse-perl libjson-perl libjson-xs-perl libjsp-api-java libjuh-java
  libjurt-java libk5crypto3 libkeybinder-3.0-0 libkeyutils1 libklibc libkmod2
  libkpathsea6 libkrb5-26-heimdal libkrb5-3 libkrb5support0 libksba8
  liblangtag-common liblangtag1 liblapack3 liblcms2-2 liblcms2-utils
  libldap-common libldb2 liblightdm-gobject-1-0 liblilv-0-0
  liblinux-epoll-perl liblirc-client0 liblist-allutils-perl
  liblist-compare-perl liblist-moreutils-perl liblist-someutils-xs-perl
  libllvm12 liblmdb0 liblo7 liblocale-gettext-perl liblog-dispatch-perl
  liblog-log4perl-perl liblouis-data liblouis20 liblouisutdml-bin
  liblouisutdml-data liblouisutdml9 liblsan0 libltdl-dev libltdl7 liblua5.2-0
  libluajit-5.1-2 libluajit-5.1-common liblvm2cmd2.03
  liblwp-protocol-https-perl liblz4-1 liblzma5 liblzo2-2 libmagic-mgc
  libmagic1 libmail-sendmail-perl libmate-desktop-2-17 libmate-menu2
  libmate-panel-applet-4-1 libmateweather-common libmateweather1
  libmath-random-isaac-perl libmath-random-isaac-xs-perl libmaxminddb0
  libmbim-glib4 libmbim-proxy libmessaging-menu0 libmetis5 libmhash2
  libmime-lite-perl libmime-types-perl libminiupnpc17 libmm-glib0 libmnl0
  libmodplug1 libmodule-implementation-perl libmoo-perl libmoox-aliases-perl
  libmount1 libmozjs-78-0 libmp3lame0 libmpc3 libmpfr6 libmpg123-0 libmpv1
  libmro-compat-perl libmspack0 libmspub-0.1-1 libmtdev1 libmtp-common
  libmtp-runtime libmtp9 libmuffin0 libmusicbrainz5-2 libmusicbrainz5cc2v5
  libmwaw-0.3-3 libmypaint-1.5-1 libmypaint-common libmysofa1 libmysqlclient21
  libmythes-1.2-0 libnatpmp1 libnautilus-extension1a libncurses-dev
  libncurses6 libncursesw6 libndp0 libnemo-extension1 libneon27-gnutls
  libnet-dbus-perl libnet-dns-perl libnet-domain-tld-perl libnet-http-perl
  libnet-libidn-perl libnet-ssleay-perl libnetfilter-conntrack3 libnetplan0
  libnewt0.52 libnfnetlink0 libnfs13 libnftnl11 libnghttp2-14 libnice10
  libnl-3-200 libnl-genl-3-200 libnl-route-3-200 libnm0 libnma0 libnorm1
  libnotify-bin libnotify4 libnpth0 libnspr4 libnss-mdns libnss-myhostname
  libnss-systemd libnss3 libnuma1 libnumber-compare-perl libobjc-9-dev
  libobjc4 libobs0 libodfgen-0.1-1 libofx7 libogg0 libopenal-data libopenal1
  libopengl0 libopenjp2-7 libopenmpt-modplug1 libopenmpt0 libopus0
  liborc-0.4-0 libostree-1-1 libp11-kit0 libpackage-stash-perl
  libpackagekit-glib2-18 libpadwalker-perl libpagemaker-0.0-0 libpam-cap
  libpam-gnome-keyring libpam-modules libpam-modules-bin libpam-runtime
  libpam-systemd libpam-yubico libpam0g libpango-1.0-0 libpango-perl
  libpangocairo-1.0-0 libpangoft2-1.0-0 libpangomm-1.4-1v5 libpangoxft-1.0-0
  libpaper-utils libpaper1 libparams-classify-perl libparams-util-perl
  libparams-validate-perl libparted-fs-resize0 libparted2 libpath-tiny-perl
  libpcap0.8 libpcaudio0 libpci3 libpciaccess0 libpcre2-16-0 libpcre2-32-0
  libpcre2-8-0 libpcre3 libpcsclite1 libpeas-1.0-0 libpeas-common
  libperlio-gzip-perl libperlio-utf8-strict-perl libpfm4 libpipeline1
  libpixman-1-0 libpkcs11-helper1 libplist3 libplymouth5 libpng16-16
  libpolkit-agent-1-0 libpolkit-gobject-1-0 libpoppler-cpp0v5 libpoppler-glib8
  libpoppler-qt5-1 libpopt0 libportaudio2 libpostproc55 libpq5 libprocps8
  libproxy-tools libproxy1-plugin-gsettings libproxy1-plugin-networkmanager
  libproxy1v5 libpsl5 libptexenc1 libpulse-mainloop-glib0 libpulse0
  libpulsedsp libpwquality-common libpwquality1 libpython2-stdlib
  libpython2.7-minimal libpython2.7-stdlib libpython3-stdlib libqmi-glib5
  libqmi-proxy libqt5charts5 libqt5concurrent5 libqt5core5a libqt5dbus5
  libqt5gui5 libqt5network5 libqt5positioning5 libqt5printsupport5 libqt5qml5
  libqt5quick5 libqt5quickwidgets5 libqt5script5 libqt5svg5
  libqt5waylandclient5 libqt5waylandcompositor5 libqt5webchannel5
  libqt5webengine-data libqt5webenginecore5 libqt5webenginewidgets5
  libqt5widgets5 libqt5x11extras5 libqt5xml5 libquadmath0 libquazip5-1
  libraptor2-0 librasqal3 libraw1394-11 librda-common librda0 librdf0
  libreadline8 libreadonly-perl libref-util-xs-perl libreoffice
  libreoffice-avmedia-backend-gstreamer libreoffice-base libreoffice-base-core
  libreoffice-base-drivers libreoffice-calc libreoffice-common
  libreoffice-core libreoffice-draw libreoffice-gnome libreoffice-help-common
  libreoffice-help-de libreoffice-help-en-gb libreoffice-help-en-us
  libreoffice-help-es libreoffice-help-fr libreoffice-help-it
  libreoffice-help-pt libreoffice-help-pt-br libreoffice-help-ru
  libreoffice-help-zh-cn libreoffice-help-zh-tw libreoffice-impress
  libreoffice-java-common libreoffice-l10n-de libreoffice-l10n-en-gb
  libreoffice-l10n-en-za libreoffice-l10n-es libreoffice-l10n-fr
  libreoffice-l10n-it libreoffice-l10n-pt libreoffice-l10n-pt-br
  libreoffice-l10n-ru libreoffice-l10n-zh-cn libreoffice-l10n-zh-tw
  libreoffice-math libreoffice-nlpsolver libreoffice-pdfimport
  libreoffice-report-builder libreoffice-report-builder-bin
  libreoffice-script-provider-bsh libreoffice-script-provider-js
  libreoffice-script-provider-python libreoffice-sdbc-hsqldb
  libreoffice-sdbc-mysql libreoffice-sdbc-postgresql libreoffice-style-colibre
  libreoffice-style-tango libreoffice-wiki-publisher libreoffice-writer
  librest-0.7-0 librevenge-0.0-0 librhythmbox-core10 libridl-java
  libroken18-heimdal librole-tiny-perl librsvg2-2 librsvg2-common librtmp1
  librubberband2 libsamplerate0 libsane libsane-common libsane-hpaio
  libsasl2-2 libsasl2-modules libsasl2-modules-db libsbc1 libsdl-image1.2
  libsdl1.2debian libsdl2-2.0-0 libseccomp2 libsecret-1-0 libsecret-common
  libselinux1 libsemanage-common libsensors-config libsensors5 libserd-0-0
  libsereal-decoder-perl libsereal-encoder-perl libsgutils2-2 libshout3
  libsidplay1v5 libsigc++-2.0-0v5 libsigsegv2 libslang2 libsm6 libsmartcols1
  libsmbclient libsmbios-c2 libsnapd-glib1 libsnappy1v5 libsndfile1
  libsndio7.0 libsnmp-base libsodium23 libsonic0 libsord-0-0 libsort-key-perl
  libsoundtouch1 libsoup-gnome2.4-1 libsoup2.4-1 libsoxr0 libspecio-perl
  libspectre1 libspeechd2 libspeex1 libspeexdsp1 libsqlite3-0 libsratom-0-0
  libsrtp2-1 libss2 libssh-4 libssh-gcrypt-4 libssh2-1
  libstartup-notification0 libstdc++-9-dev libstdc++6 libstemmer0d
  libstruct-dumb-perl libsub-exporter-perl libsub-identify-perl
  libsub-install-perl libsub-name-perl libsuil-0-0 libsuitesparseconfig5
  libswresample3 libswscale5 libsynctex2 libsys-hostname-long-perl libsystemd0
  libtag1v5 libtag1v5-vanilla libtalloc2 libtasn1-6 libtcl8.6 libtdb1
  libteamdctl0 libteckit0 libtevent0 libtexlua53 libtexluajit2
  libtext-bibtex-perl libtext-charwidth-perl libtext-csv-perl
  libtext-csv-xs-perl libtext-glob-perl libtext-iconv-perl
  libtext-levenshtein-perl libtext-roman-perl libtext-template-perl
  libthai-data libthai0 libtheora0 libtie-cycle-perl libtie-ixhash-perl
  libtiff5 libtimedate-perl libtimezonemap-data libtimezonemap1 libtinfo-dev
  libtinfo6 libtk8.6 libtool libtotem-plparser-common libtotem-plparser18
  libtry-tiny-perl libtsan0 libtwolame0 libtype-tiny-perl
  libtypes-serialiser-perl libu2f-udev libubsan1 libuchardet0 libudev1
  libudisks2-0 libumfpack5 libunicode-linebreak-perl libunicode-utf8-perl
  libunistring2 libunity-protocol-private0 libunity-scopes-json-def-desktop
  libunity9 libuno-cppu3 libuno-cppuhelpergcc3-3 libuno-purpenvhelpergcc3-3
  libuno-sal3 libuno-salhelpergcc3-3 libunoil-java libunoloader-java
  libunwind8 libupower-glib3 liburi-perl libusb-1.0-0 libusbmuxd6 libutempter0
  libuuid-perl libuuid1 libuv1 libv4l-0 libv4lconvert0 libva-drm2
  libva-wayland2 libva-x11-2 libva2 libvamp-hostsdk3v5 libvariable-magic-perl
  libvdpau1 libvisio-0.1-1 libvisual-0.4-0 libvisual-0.4-plugins libvlc-bin
  libvlc5 libvlccore9 libvolume-key1 libvorbis0a libvorbisenc2 libvorbisfile3
  libvorbisidec1 libvte-2.91-0 libvte-2.91-common libvulkan1 libwacom-bin
  libwacom-common libwavpack1 libwayland-client0 libwayland-cursor0
  libwayland-egl1 libwayland-server0 libwbclient0 libwebkit2gtk-4.0-37
  libwebpdemux2 libwebpmux3 libwebrtc-audio-processing1 libwebsocket-api-java
  libwind0-heimdal libwmf0.2-7 libwmf0.2-7-gtk libwnck-3-0 libwnck-3-common
  libwoff1 libwpd-0.10-10 libwpg-0.3-3 libwps-0.4-4 libwrap0 libwww-perl
  libwxbase3.0-0v5 libwxgtk3.0-gtk3-0v5 libx11-6 libx11-data
  libx11-protocol-perl libx11-xcb1 libxapian30 libxapp1 libxatracker2 libxau6
  libxaw7 libxcb-dri2-0 libxcb-dri3-0 libxcb-glx0 libxcb-icccm4 libxcb-image0
  libxcb-keysyms1 libxcb-present0 libxcb-randr0 libxcb-render-util0
  libxcb-render0 libxcb-res0 libxcb-shape0 libxcb-shm0 libxcb-sync1
  libxcb-util1 libxcb-xfixes0 libxcb-xinerama0 libxcb-xinput0 libxcb-xkb1
  libxcb-xtest0 libxcb-xv0 libxcb1 libxcomposite1 libxcursor1 libxdamage1
  libxdmcp6 libxext6 libxfce4util-bin libxfce4util-common libxfce4util7
  libxfixes3 libxfont2 libxft2 libxi6 libxinerama1 libxkbcommon-x11-0
  libxkbcommon0 libxkbfile1 libxklavier16 libxml-libxml-perl
  libxml-libxslt-perl libxml-namespacesupport-perl libxml-parser-perl
  libxml-sax-base-perl libxml-sax-perl libxml-twig-perl libxml-writer-perl
  libxml2 libxmlb2 libxmlsec1 libxmlsec1-nss libxmu6 libxmuu1 libxpm4
  libxrandr2 libxreaderdocument3 libxreaderview3 libxrender1 libxres1
  libxshmfence1 libxslt1.1 libxss1 libxstring-perl libxt6 libxtables12
  libxtst6 libxv1 libxvmc1 libxxf86dga1 libxxf86vm1 libyajl2 libyaml-0-2
  libyaml-libyaml-perl libyelp0 libykpers-1-1 libyubikey-udev libyubikey0
  libz3-4 libz3-dev libzbar0 libzmq5 libzstd1 libzvbi-common libzvbi0
  libzzip-0-13 lightdm lightdm-settings lintian linux-base linux-firmware
  linux-generic linux-headers-generic linux-image-generic linux-libc-dev
  linux-sound-base linuxmint-keyring lm-sensors lmodern localechooser-data
  locales login logrotate logsave lp-solve lsb-base lsb-release lshw lsof
  ltrace lvm2 lz4 m4 make makedev man-db manpages manpages-dev mate-desktop
  mate-desktop-common mate-menus mate-panel mate-panel-common mate-polkit
  mate-polkit-common mawk mencoder menu-xdg mesa-utils mesa-va-drivers
  mesa-vdpau-drivers mesa-vulkan-drivers metacity metacity-common mime-support
  mint-artwork mint-common mint-info-cinnamon mint-meta-cinnamon
  mint-meta-codecs mint-meta-core mint-themes mint-translations mint-y-icons
  mintinstall mintreport mintsources mintstick mintsystem mintupdate mlocate
  mobile-broadband-provider-info modemmanager mokutil mount mousepad
  mousetweaks mplayer mpv mscompress mtools mtr-tiny muffin muffin-common
  muffin-dbg musescore-general-soundfont mysql-common mythes-de mythes-de-ch
  mythes-en-au mythes-en-us mythes-fr mythes-it mythes-pt-pt mythes-ru nano
  nautilus-data nautilus-extension-brasero ncurses-base ncurses-bin nemo
  nemo-data nemo-dbg nemo-emblems nemo-fileroller nemo-preview nemo-share
  neofetch net-tools netbase netcat-openbsd netplan.io network-manager
  network-manager-config-connectivity-ubuntu network-manager-gnome
  network-manager-openvpn network-manager-openvpn-gnome network-manager-pptp
  network-manager-pptp-gnome networkd-dispatcher notepadqq ntfs-3g
  nvidia-prime-applet obs-plugins ocl-icd-libopencl1 odt2txt onboard
  onboard-common openjdk-11-jre openjdk-11-jre-headless openprinting-ppds
  openssh-client openssl openvpn orca os-prober p11-kit p11-kit-modules p7zip
  p7zip-full packagekit packagekit-tools pandoc pandoc-data parted passwd
  patch patchutils pci.ids pciutils pcmciautils perl perl-base
  perl-openssl-defaults pinentry-curses pinentry-gnome3 pix pix-data pix-dbg
  pkg-config plymouth plymouth-label plymouth-theme-ubuntu-text po-debconf
  policykit-1 policykit-1-gnome poppler-data poppler-utils ppa-purge ppp
  pppconfig pppoeconf pptp-linux preview-latex-style printer-driver-brlaser
  printer-driver-c2esp printer-driver-foo2zjs printer-driver-foo2zjs-common
  printer-driver-gutenprint printer-driver-hpcups printer-driver-m2300w
  printer-driver-min12xxw printer-driver-pnm2ppa printer-driver-postscript-hp
  printer-driver-ptouch printer-driver-pxljr printer-driver-sag-gdi
  printer-driver-splix procps psmisc publicsuffix pulseaudio
  pulseaudio-module-bluetooth pulseaudio-utils python-apt-common python-nemo
  python-tinycss2-common python2 python2-minimal python2.7 python2.7-minimal
  python3 python3-apport python3-apt python3-aptdaemon
  python3-aptdaemon.gtk3widgets python3-blinker python3-brlapi python3-bs4
  python3-cairo python3-certifi python3-cffi-backend python3-chardet
  python3-click python3-colorama python3-commandnotfound python3-configobj
  python3-cryptography python3-cups python3-cupshelpers python3-dbus
  python3-debconf python3-debian python3-defer python3-distro
  python3-distro-info python3-distupgrade python3-entrypoints python3-gdbm
  python3-gi python3-gi-cairo python3-gnucash python3-grpcio python3-html5lib
  python3-httplib2 python3-ibus-1.0 python3-icu python3-idna python3-ifaddr
  python3-imdbpy python3-jwt python3-keyring python3-launchpadlib
  python3-lazr.restfulclient python3-lazr.uri python3-ldb python3-louis
  python3-lxml python3-macaroonbakery python3-magic python3-mako
  python3-markupsafe python3-minimal python3-nacl python3-netaddr
  python3-netifaces python3-nose python3-oauthlib python3-packaging
  python3-pam python3-parted python3-pexpect python3-pil python3-pkg-resources
  python3-problem-report python3-protobuf python3-psutil python3-ptyprocess
  python3-pyatspi python3-pycurl python3-pygments python3-pyinotify
  python3-pymacaroons python3-pyparsing python3-pyxattr python3-reportlab
  python3-reportlab-accel python3-requests python3-requests-file
  python3-rfc3339 python3-samba python3-secretstorage python3-setproctitle
  python3-simplejson python3-six python3-software-properties python3-soupsieve
  python3-speechd python3-systemd python3-talloc python3-tdb python3-tinycss2
  python3-tldextract python3-tz python3-unidecode python3-uno
  python3-update-manager python3-urllib3 python3-wadllib python3-webencodings
  python3-xapp python3-xdg python3-xkit python3-xlib python3-xlrd python3-yaml
  python3-zeroconf qt5-gtk-platformtheme qt5-gtk2-platformtheme
  qt5-style-plugin-cleanlooks qt5-style-plugin-motif
  qt5-style-plugin-plastique qt5-style-plugins qt5ct qttranslations5-l10n
  qtwayland5 r-base r-base-core r-base-html r-cran-boot r-cran-class
  r-cran-cluster r-cran-codetools r-cran-foreign r-cran-kernsmooth
  r-cran-lattice r-cran-mass r-cran-matrix r-cran-mgcv r-cran-nlme r-cran-nnet
  r-cran-rpart r-cran-spatial r-cran-survival r-doc-html r-recommended rake
  rdate readline-common redshift redshift-gtk reiserfsprogs rename rfkill
  rhythmbox rhythmbox-data rhythmbox-plugins rsync rsyslog rtkit rtmpdump ruby
  ruby-power-assert ruby-test-unit ruby-xmlrpc rubygems-integration
  samba-common samba-common-bin samba-libs sane-utils sbsigntool seahorse
  secureboot-db sed sensible-utils session-migration sgml-base sgml-data
  shared-mime-info shim-signed simple-scan slick-greeter smbclient snapd
  speech-dispatcher speech-dispatcher-audio-plugins
  speech-dispatcher-espeak-ng squashfs-tools ssl-cert stacer sticky strace
  streamer sudo synaptic syslinux syslinux-common syslinux-utils
  system-config-printer system-config-printer-common
  system-config-printer-udev system-tools-backends systemd systemd-coredump
  systemd-sysv systemd-timesyncd sysvinit-utils t1utils tar tcl tcl8.6 tcpdump
  teckit telnet tex-common tex-gyre texlive texlive-base texlive-bibtex-extra
  texlive-binaries texlive-fonts-recommended texlive-latex-base
  texlive-latex-extra texlive-latex-recommended texlive-pictures
  texlive-plain-generic texlive-xetex texstudio texstudio-doc texstudio-l10n
  thermald thingy thunderbird thunderbird-gnome-support thunderbird-locale-en
  thunderbird-locale-en-us time timeshift timgm6mb-soundfont tipa tk tk8.6
  tpm-udev transmission-common transmission-gtk ttf-mscorefonts-installer
  tzdata ubuntu-advantage-tools ubuntu-dbgsym-keyring ubuntu-drivers-common
  ubuntu-keyring ubuntu-minimal ubuntu-mono ubuntu-release-upgrader-core
  ubuntu-system-adjustments ucf udev udisks2 ufw unattended-upgrades
  uno-libs-private unrar untex unzip update-inetd update-manager-core
  update-notifier-common upower ure usb-modeswitch usb-modeswitch-data usb.ids
  usbmuxd usbutils user-setup usrmerge util-linux uuid-runtime
  v4l2loopback-dkms va-driver-all vim-common vim-tiny vlc vlc-bin vlc-data
  vlc-l10n vlc-plugin-base vlc-plugin-notify vlc-plugin-qt vlc-plugin-samba
  vlc-plugin-skins2 vlc-plugin-video-output vlc-plugin-video-splitter
  vlc-plugin-visualization wamerican warpinator wbrazilian wbritish
  webapp-manager wfrench wget whiptail wireless-regdb wireless-tools wngerman
  wodim wogerman wpasupplicant wportuguese wspanish wswiss x11-apps x11-common
  x11-session-utils x11-utils x11-xkb-utils x11-xserver-utils xapps-common
  xauth xawtv-plugins xbitmaps xbrlapi xclip xdg-dbus-proxy xdg-desktop-portal
  xdg-desktop-portal-gtk xdg-user-dirs xdg-user-dirs-gtk xdg-utils xed
  xed-common xed-dbg xfonts-encodings xfonts-scalable xfonts-utils xfsprogs
  xinit xinput xjadeo xkb-data xorg xorg-docs-core xplayer-thumbnailer xreader
  xreader-common xreader-dbg xsane xsane-common xserver-common xserver-xephyr
  xserver-xorg xserver-xorg-core xserver-xorg-input-all
  xserver-xorg-input-libinput xserver-xorg-input-wacom xserver-xorg-legacy
  xserver-xorg-video-all xserver-xorg-video-amdgpu xserver-xorg-video-ati
  xserver-xorg-video-fbdev xserver-xorg-video-intel xserver-xorg-video-nouveau
  xserver-xorg-video-qxl xserver-xorg-video-radeon xserver-xorg-video-vesa
  xserver-xorg-video-vmware xterm xul-ext-lightning xviewer xviewer-dbg
  xviewer-plugins xwayland xxd xz-utils yad yelp yelp-xsl youtube-dl zenity
  zenity-common zip zlib1g
2208 upgraded, 368 newly installed, 15 to remove and 0 not upgraded.
Need to get 54.7 kB/2863 MB of archives.
After this operation, 2781 MB of additional disk space will be used.
Get:1 http://archive.ubuntu.com/ubuntu jammy/universe amd64 libparams-validate-perl amd64 1.30-1build3 [54.7 kB]
Err:1 http://archive.ubuntu.com/ubuntu jammy/universe amd64 libparams-validate-perl amd64 1.30-1build3
  Hash Sum mismatch
  Hashes of expected file:
   - SHA512:0a875f298feec1b590cf21bdfb5ea690ee8f2d9c055fed47ddb98c673ef14fb79ae8a045be70e792f2d9c2e9b56d45d6c94f26ce142258c0f9ac00d87ad86046
   - SHA256:666697dbcb22cd1dce4ab936bd2ae9a20eb56b5a1c4a6b6ff7f42214db86efe2
   - SHA1:a1f7b0417ba2b0ebf331095822f078f3c0dfee82 [weak]
   - MD5Sum:27e214839d029b1ad3e538e20c3c413b [weak]
   - Filesize:54720 [weak]
  Hashes of received file:
   - SHA512:26a40d33452d2fa4cc1fef4aeb294618c66a82c0e179fbe79ddc4317108a3dd354f7443264c5a2b3fcccd0233f85e4211fbe145c9e8239919644fbfe9bff58a3
   - SHA256:5c6de2a128d935a6c65c40d9740cff6a50eef3b3c75661bae89b96558ac78db5
   - SHA1:ad8dfb20e7d86c5b01d797a3332d99d44cdea18f [weak]
   - MD5Sum:f4f5ca26019a9d7c840c9ad6a0ee847f [weak]
   - Filesize:54720 [weak]
  Last modification reported: Mon, 07 Feb 2022 07:25:21 +0000
Fetched 54.7 kB in 1s (39.1 kB/s)
E: Failed to fetch http://archive.ubuntu.com/ubuntu/pool/universe/libp/libparams-validate-perl/libparams-validate-perl_1.30-1build3_amd64.deb  Hash Sum mismatch
   Hashes of expected file:
    - SHA512:0a875f298feec1b590cf21bdfb5ea690ee8f2d9c055fed47ddb98c673ef14fb79ae8a045be70e792f2d9c2e9b56d45d6c94f26ce142258c0f9ac00d87ad86046
    - SHA256:666697dbcb22cd1dce4ab936bd2ae9a20eb56b5a1c4a6b6ff7f42214db86efe2
    - SHA1:a1f7b0417ba2b0ebf331095822f078f3c0dfee82 [weak]
    - MD5Sum:27e214839d029b1ad3e538e20c3c413b [weak]
    - Filesize:54720 [weak]
   Hashes of received file:
    - SHA512:26a40d33452d2fa4cc1fef4aeb294618c66a82c0e179fbe79ddc4317108a3dd354f7443264c5a2b3fcccd0233f85e4211fbe145c9e8239919644fbfe9bff58a3
    - SHA256:5c6de2a128d935a6c65c40d9740cff6a50eef3b3c75661bae89b96558ac78db5
    - SHA1:ad8dfb20e7d86c5b01d797a3332d99d44cdea18f [weak]
    - MD5Sum:f4f5ca26019a9d7c840c9ad6a0ee847f [weak]
    - Filesize:54720 [weak]
   Last modification reported: Mon, 07 Feb 2022 07:25:21 +0000
E: Some files failed to download
Error - Return code: 100
mintupgrade-inhibit-power: no process found
