
Running check 'Phase 1: Preparation'
=================
APT Repositories:
=================
Repos:
  No active apt repos in: /etc/apt/sources.list 
  Active apt repos in: /etc/apt/sources.list.d/google-chrome.list 
  1: deb [arch=amd64] http://dl.google.com/linux/chrome/deb/ stable main
  Active apt repos in: /etc/apt/sources.list.d/obsproject-obs-studio-focal.list 
  1: deb http://ppa.launchpad.net/obsproject/obs-studio/ubuntu jammy main
  Active apt repos in: /etc/apt/sources.list.d/official-package-repositories.list 
  1: deb http://packages.linuxmint.com una main upstream import backport
  2: deb http://archive.ubuntu.com/ubuntu focal main restricted universe multiverse
  3: deb http://archive.ubuntu.com/ubuntu focal-updates main restricted universe multiverse
  4: deb http://archive.ubuntu.com/ubuntu focal-backports main restricted universe multiverse
  5: deb http://security.ubuntu.com/ubuntu/ focal-security main restricted universe multiverse
  6: deb http://archive.canonical.com/ubuntu/ focal partner
  Active apt repos in: /etc/apt/sources.list.d/otto-kesselgulasch-gimp-focal.list 
  1: deb http://ppa.launchpad.net/otto-kesselgulasch/gimp/ubuntu focal main
  Active apt repos in: /etc/apt/sources.list.d/webupd8team-y-ppa-manager-focal.list 
  1: deb http://ppa.launchpad.net/webupd8team/y-ppa-manager/ubuntu focal main
  Active apt repos in: /etc/apt/sources.list.d/yubico-stable-focal.list 
  1: deb http://ppa.launchpad.net/yubico/stable/ubuntu jammy main
=================

Running check 'Linux Mint version'
Check succeeded:  Linux Mint version

Running check 'Power source'
Check succeeded:  Power source

Running check 'APT cache'
rm -rf /var/lib/apt/lists/*
DEBIAN_PRIORITY=critical apt-get update
Ign:1 http://packages.linuxmint.com una InRelease
Get:2 http://dl.google.com/linux/chrome/deb stable InRelease [1811 B]
Get:3 http://packages.linuxmint.com una Release [24.1 kB]
Get:4 http://security.ubuntu.com/ubuntu focal-security InRelease [114 kB]
Get:5 http://ppa.launchpad.net/obsproject/obs-studio/ubuntu jammy InRelease [18.1 kB]
Get:6 http://archive.ubuntu.com/ubuntu focal InRelease [265 kB]
Get:7 http://archive.canonical.com/ubuntu focal InRelease [12.1 kB]
Get:8 http://dl.google.com/linux/chrome/deb stable/main amd64 Packages [1080 B]
Get:9 http://packages.linuxmint.com una Release.gpg [833 B]
Get:10 http://archive.canonical.com/ubuntu focal/partner amd64 Packages [856 B]
Get:11 http://packages.linuxmint.com una/main i386 Packages [15.6 kB]
Get:12 http://archive.canonical.com/ubuntu focal/partner Translation-en [384 B]
Get:13 http://ppa.launchpad.net/otto-kesselgulasch/gimp/ubuntu focal InRelease [15.4 kB]
Get:14 http://packages.linuxmint.com una/main amd64 Packages [16.2 kB]
Get:15 http://packages.linuxmint.com una/upstream amd64 Packages [50.4 kB]
Get:16 http://security.ubuntu.com/ubuntu focal-security/main amd64 Packages [2046 kB]
Get:17 http://ppa.launchpad.net/webupd8team/y-ppa-manager/ubuntu focal InRelease [17.5 kB]
Get:18 http://packages.linuxmint.com una/upstream i386 Packages [13.4 kB]
Get:19 http://archive.ubuntu.com/ubuntu focal-updates InRelease [114 kB]
Get:20 http://packages.linuxmint.com una/import i386 Packages [3273 B]
Get:21 http://packages.linuxmint.com una/import amd64 Packages [8181 B]
Get:22 http://packages.linuxmint.com una/backport amd64 Packages [90.3 kB]
Get:23 http://archive.ubuntu.com/ubuntu focal-backports InRelease [108 kB]
Get:24 http://packages.linuxmint.com una/backport i386 Packages [27.1 kB]
Get:25 http://ppa.launchpad.net/yubico/stable/ubuntu jammy InRelease [17.5 kB]
Get:26 http://archive.ubuntu.com/ubuntu focal/main i386 Packages [718 kB]
Get:27 http://security.ubuntu.com/ubuntu focal-security/main i386 Packages [568 kB]
Get:28 http://security.ubuntu.com/ubuntu focal-security/main Translation-en [334 kB]
Get:29 http://ppa.launchpad.net/obsproject/obs-studio/ubuntu jammy/main amd64 Packages [1100 B]
Get:30 http://ppa.launchpad.net/obsproject/obs-studio/ubuntu jammy/main Translation-en [160 B]
Get:31 http://security.ubuntu.com/ubuntu focal-security/main amd64 DEP-11 Metadata [59.8 kB]
Get:32 http://security.ubuntu.com/ubuntu focal-security/main amd64 c-n-f Metadata [12.5 kB]
Get:33 http://security.ubuntu.com/ubuntu focal-security/restricted i386 Packages [29.1 kB]
Get:34 http://security.ubuntu.com/ubuntu focal-security/restricted amd64 Packages [1556 kB]
Get:35 http://ppa.launchpad.net/otto-kesselgulasch/gimp/ubuntu focal/main i386 Packages [3592 B]
Get:36 http://archive.ubuntu.com/ubuntu focal/main amd64 Packages [970 kB]
Get:37 http://security.ubuntu.com/ubuntu focal-security/restricted Translation-en [219 kB]
Get:38 http://ppa.launchpad.net/otto-kesselgulasch/gimp/ubuntu focal/main amd64 Packages [3600 B]
Get:39 http://security.ubuntu.com/ubuntu focal-security/restricted amd64 c-n-f Metadata [624 B]
Get:40 http://security.ubuntu.com/ubuntu focal-security/universe amd64 Packages [813 kB]
Get:41 http://ppa.launchpad.net/otto-kesselgulasch/gimp/ubuntu focal/main Translation-en [1892 B]
Get:42 http://archive.ubuntu.com/ubuntu focal/main Translation-en [506 kB]
Get:43 http://ppa.launchpad.net/webupd8team/y-ppa-manager/ubuntu focal/main i386 Packages [784 B]
Get:44 http://security.ubuntu.com/ubuntu focal-security/universe i386 Packages [589 kB]
Get:45 http://archive.ubuntu.com/ubuntu focal/main amd64 DEP-11 Metadata [494 kB]
Get:46 http://ppa.launchpad.net/webupd8team/y-ppa-manager/ubuntu focal/main amd64 Packages [784 B]
Get:47 http://ppa.launchpad.net/webupd8team/y-ppa-manager/ubuntu focal/main Translation-en [524 B]
Get:48 http://archive.ubuntu.com/ubuntu focal/main amd64 c-n-f Metadata [29.5 kB]
Get:49 http://archive.ubuntu.com/ubuntu focal/restricted amd64 Packages [22.0 kB]
Get:50 http://archive.ubuntu.com/ubuntu focal/restricted i386 Packages [8112 B]
Get:51 http://archive.ubuntu.com/ubuntu focal/restricted Translation-en [6212 B]
Get:52 http://security.ubuntu.com/ubuntu focal-security/universe Translation-en [162 kB]
Get:53 http://security.ubuntu.com/ubuntu focal-security/universe amd64 DEP-11 Metadata [95.8 kB]
Get:54 http://ppa.launchpad.net/yubico/stable/ubuntu jammy/main i386 Packages [1316 B]
Get:55 http://security.ubuntu.com/ubuntu focal-security/universe amd64 c-n-f Metadata [17.4 kB]
Get:56 http://security.ubuntu.com/ubuntu focal-security/multiverse amd64 Packages [22.9 kB]
Get:57 http://security.ubuntu.com/ubuntu focal-security/multiverse i386 Packages [7184 B]
Get:58 http://security.ubuntu.com/ubuntu focal-security/multiverse Translation-en [5488 B]
Get:59 http://security.ubuntu.com/ubuntu focal-security/multiverse amd64 DEP-11 Metadata [940 B]
Get:60 http://security.ubuntu.com/ubuntu focal-security/multiverse amd64 c-n-f Metadata [528 B]
Get:61 http://archive.ubuntu.com/ubuntu focal/restricted amd64 c-n-f Metadata [392 B]
Get:62 http://archive.ubuntu.com/ubuntu focal/universe amd64 Packages [8628 kB]
Get:63 http://ppa.launchpad.net/yubico/stable/ubuntu jammy/main amd64 Packages [2516 B]
Get:64 http://ppa.launchpad.net/yubico/stable/ubuntu jammy/main Translation-en [1504 B]
Get:65 http://archive.ubuntu.com/ubuntu focal/universe i386 Packages [4642 kB]
Get:66 http://archive.ubuntu.com/ubuntu focal/universe Translation-en [5124 kB]
Get:67 http://archive.ubuntu.com/ubuntu focal/universe amd64 DEP-11 Metadata [3603 kB]
Get:68 http://archive.ubuntu.com/ubuntu focal/universe amd64 c-n-f Metadata [265 kB]
Get:69 http://archive.ubuntu.com/ubuntu focal/multiverse i386 Packages [74.7 kB]
Get:70 http://archive.ubuntu.com/ubuntu focal/multiverse amd64 Packages [144 kB]
Get:71 http://archive.ubuntu.com/ubuntu focal/multiverse Translation-en [104 kB]
Get:72 http://archive.ubuntu.com/ubuntu focal/multiverse amd64 DEP-11 Metadata [48.4 kB]
Get:73 http://archive.ubuntu.com/ubuntu focal/multiverse amd64 c-n-f Metadata [9136 B]
Get:74 http://archive.ubuntu.com/ubuntu focal-updates/main i386 Packages [797 kB]
Get:75 http://archive.ubuntu.com/ubuntu focal-updates/main amd64 Packages [2428 kB]
Get:76 http://archive.ubuntu.com/ubuntu focal-updates/main Translation-en [416 kB]
Get:77 http://archive.ubuntu.com/ubuntu focal-updates/main amd64 DEP-11 Metadata [274 kB]
Get:78 http://archive.ubuntu.com/ubuntu focal-updates/main amd64 c-n-f Metadata [16.4 kB]
Get:79 http://archive.ubuntu.com/ubuntu focal-updates/restricted i386 Packages [30.5 kB]
Get:80 http://archive.ubuntu.com/ubuntu focal-updates/restricted amd64 Packages [1671 kB]
Get:81 http://archive.ubuntu.com/ubuntu focal-updates/restricted Translation-en [235 kB]
Get:82 http://archive.ubuntu.com/ubuntu focal-updates/restricted amd64 c-n-f Metadata [620 B]
Get:83 http://archive.ubuntu.com/ubuntu focal-updates/universe amd64 Packages [1039 kB]
Get:84 http://archive.ubuntu.com/ubuntu focal-updates/universe i386 Packages [719 kB]
Get:85 http://archive.ubuntu.com/ubuntu focal-updates/universe Translation-en [244 kB]
Get:86 http://archive.ubuntu.com/ubuntu focal-updates/universe amd64 DEP-11 Metadata [409 kB]
Get:87 http://archive.ubuntu.com/ubuntu focal-updates/universe amd64 c-n-f Metadata [24.0 kB]
Get:88 http://archive.ubuntu.com/ubuntu focal-updates/multiverse i386 Packages [8440 B]
Get:89 http://archive.ubuntu.com/ubuntu focal-updates/multiverse amd64 Packages [25.1 kB]
Get:90 http://archive.ubuntu.com/ubuntu focal-updates/multiverse Translation-en [7408 B]
Get:91 http://archive.ubuntu.com/ubuntu focal-updates/multiverse amd64 DEP-11 Metadata [944 B]
Get:92 http://archive.ubuntu.com/ubuntu focal-updates/multiverse amd64 c-n-f Metadata [592 B]
Get:93 http://archive.ubuntu.com/ubuntu focal-backports/main i386 Packages [36.1 kB]
Get:94 http://archive.ubuntu.com/ubuntu focal-backports/main amd64 Packages [45.7 kB]
Get:95 http://archive.ubuntu.com/ubuntu focal-backports/main Translation-en [16.3 kB]
Get:96 http://archive.ubuntu.com/ubuntu focal-backports/main amd64 DEP-11 Metadata [7996 B]
Get:97 http://archive.ubuntu.com/ubuntu focal-backports/main amd64 c-n-f Metadata [1420 B]
Get:98 http://archive.ubuntu.com/ubuntu focal-backports/restricted amd64 c-n-f Metadata [116 B]
Get:99 http://archive.ubuntu.com/ubuntu focal-backports/universe amd64 Packages [25.0 kB]
Get:100 http://archive.ubuntu.com/ubuntu focal-backports/universe i386 Packages [13.8 kB]
Get:101 http://archive.ubuntu.com/ubuntu focal-backports/universe Translation-en [16.3 kB]
Get:102 http://archive.ubuntu.com/ubuntu focal-backports/universe amd64 DEP-11 Metadata [30.5 kB]
Get:103 http://archive.ubuntu.com/ubuntu focal-backports/universe amd64 c-n-f Metadata [880 B]
Get:104 http://archive.ubuntu.com/ubuntu focal-backports/multiverse amd64 c-n-f Metadata [116 B]
Fetched 41.4 MB in 47s (879 kB/s)
Reading package lists...
Check succeeded:  APT cache

Running check 'System snapshots'
Check succeeded:  System snapshots

Running check 'Held packages'
Check succeeded:  Held packages

Running check 'Package repositories'
Mint repository last modified on 2023-03-16 08:52:29

Fixing check 'Package repositories'
mintupgrade-inhibit-power: no process found
