This is TeX, Version 3.14159265 (TeX Live 2015/Debian) (preloaded format=tex 2017.5.27)  13 JUN 2017 20:42
**pgfgantt.ins
(./pgfgantt.ins (/usr/share/texlive/texmf-dist/tex/latex/base/docstrip.tex
\blockLevel=\count26
\emptyLines=\count27
\processedLines=\count28
\commentsRemoved=\count29
\commentsPassed=\count30
\codeLinesPassed=\count31
\TotalprocessedLines=\count32
\TotalcommentsRemoved=\count33
\TotalcommentsPassed=\count34
\TotalcodeLinesPassed=\count35
\NumberOfFiles=\count36
\inFile=\read0
\inputcheck=\read1
\@tempcnta=\count37
\off@0=\count38
\off@1=\count39
\off@2=\count40
\off@3=\count41
\off@4=\count42
\off@5=\count43
\off@6=\count44
\off@7=\count45
\off@8=\count46
\off@9=\count47
\off@10=\count48
\off@11=\count49
\off@12=\count50
\off@13=\count51
\off@14=\count52
\off@15=\count53
\@temptokena=\toks12
\@maxfiles=\count54
\@maxoutfiles=\count55

Utility: `docstrip' 2.5e <2014/09/29>
English documentation    <2014/09/29>

**********************************************************
* This program converts documented macro-files into fast *
* loadable files by stripping off (nearly) all comments! *
**********************************************************

********************************************************
* No Configuration file found, using default settings. *
********************************************************

)
File pgfgantt.sty already exists somewhere on the system.
Overwrite it if necessary? [y/n]
\answer=y

Generating file(s) pgfgantt.sty 
\openout0 = `pgfgantt.sty'.


Processing file pgfgantt.dtx (pgfgantt) -> pgfgantt.sty
File pgfgantt.dtx ended by \endinput.
Lines  processed: 5037
Comments removed: 3343
Comments  passed: 0
Codelines passed: 1688

****************************************************
*
* To finish the installation you have to move the
* following file into a directory searched by TeX
*
*   pgfgantt.sty
*
* To produce the documentation execute the
* following commands:
*
*   pdflatex pgfgantt.dtx
*   makeindex -s gind.ist -o pgfgantt.ind pgfgantt.idx
*   makeindex -s gglo.ist -o pgfgantt.gls pgfgantt.glo
*   pdflatex pgfgantt.dtx (2x)
*
* Happy TeXing!
*
****************************************************
 )
No pages of output.
